Build started 04.10.2017 16:22:11.
     1>Project "C:\Users\sarynin.s\Desktop\лабораторная 1\job\mp2-lab1-set-master\sln\vc10\test_bitfield\test_bitfield.vcxproj" on node 2 (Build target(s)).
       Project file contains ToolsVersion="15.0". This toolset may be unknown or missing, in which case you may be able to resolve this by installing the appropriate version of MSBuild, or the build may have been forced to a particular ToolsVersion for policy reasons. Treating the project as if it had ToolsVersion="4.0". For more information, please see http://go.microsoft.com/fwlink/?LinkId=291333.
     1>Project "C:\Users\sarynin.s\Desktop\лабораторная 1\job\mp2-lab1-set-master\sln\vc10\test_bitfield\test_bitfield.vcxproj" (1) is building "C:\Users\sarynin.s\Desktop\лабораторная 1\job\mp2-lab1-set-master\sln\vc10\bitfield\bitfield.vcxproj" (2) on node 1 (GetTargetPath target(s)).
       Project file contains ToolsVersion="15.0". This toolset may be unknown or missing, in which case you may be able to resolve this by installing the appropriate version of MSBuild, or the build may have been forced to a particular ToolsVersion for policy reasons. Treating the project as if it had ToolsVersion="4.0". For more information, please see http://go.microsoft.com/fwlink/?LinkId=291333.
     2>Done Building Project "C:\Users\sarynin.s\Desktop\лабораторная 1\job\mp2-lab1-set-master\sln\vc10\bitfield\bitfield.vcxproj" (GetTargetPath target(s)).
     1>Project "C:\Users\sarynin.s\Desktop\лабораторная 1\job\mp2-lab1-set-master\sln\vc10\test_bitfield\test_bitfield.vcxproj" (1) is building "C:\Users\sarynin.s\Desktop\лабораторная 1\job\mp2-lab1-set-master\sln\vc10\gtest\gtest.vcxproj" (3) on node 2 (GetTargetPath target(s)).
       Project file contains ToolsVersion="15.0". This toolset may be unknown or missing, in which case you may be able to resolve this by installing the appropriate version of MSBuild, or the build may have been forced to a particular ToolsVersion for policy reasons. Treating the project as if it had ToolsVersion="4.0". For more information, please see http://go.microsoft.com/fwlink/?LinkId=291333.
     3>Done Building Project "C:\Users\sarynin.s\Desktop\лабораторная 1\job\mp2-lab1-set-master\sln\vc10\gtest\gtest.vcxproj" (GetTargetPath target(s)).
     1>Project "C:\Users\sarynin.s\Desktop\лабораторная 1\job\mp2-lab1-set-master\sln\vc10\test_bitfield\test_bitfield.vcxproj" (1) is building "C:\Users\sarynin.s\Desktop\лабораторная 1\job\mp2-lab1-set-master\sln\vc10\bitfield\bitfield.vcxproj" (2:2) on node 1 (GetNativeManifest target(s)).
       Project file contains ToolsVersion="15.0". This toolset may be unknown or missing, in which case you may be able to resolve this by installing the appropriate version of MSBuild, or the build may have been forced to a particular ToolsVersion for policy reasons. Treating the project as if it had ToolsVersion="4.0". For more information, please see http://go.microsoft.com/fwlink/?LinkId=291333.
     2>Done Building Project "C:\Users\sarynin.s\Desktop\лабораторная 1\job\mp2-lab1-set-master\sln\vc10\bitfield\bitfield.vcxproj" (GetNativeManifest target(s)).
     1>Project "C:\Users\sarynin.s\Desktop\лабораторная 1\job\mp2-lab1-set-master\sln\vc10\test_bitfield\test_bitfield.vcxproj" (1) is building "C:\Users\sarynin.s\Desktop\лабораторная 1\job\mp2-lab1-set-master\sln\vc10\gtest\gtest.vcxproj" (3:2) on node 2 (GetNativeManifest target(s)).
       Project file contains ToolsVersion="15.0". This toolset may be unknown or missing, in which case you may be able to resolve this by installing the appropriate version of MSBuild, or the build may have been forced to a particular ToolsVersion for policy reasons. Treating the project as if it had ToolsVersion="4.0". For more information, please see http://go.microsoft.com/fwlink/?LinkId=291333.
     3>Done Building Project "C:\Users\sarynin.s\Desktop\лабораторная 1\job\mp2-lab1-set-master\sln\vc10\gtest\gtest.vcxproj" (GetNativeManifest target(s)).
     1>ClCompile:
         C:\Program Files (x86)\Microsoft Visual Studio 11.0\VC\bin\CL.exe /c /I../../../gtest /I../../../include /Zi /nologo /W3 /WX- /O2 /Oi /Oy- /GL /D WIN32 /D NDEBUG /D _CONSOLE /D _UNICODE /D UNICODE /Gm- /EHsc /MD /GS /Gy /fp:precise /Zc:wchar_t /Zc:forScope /Fo"Release\\" /Fd"Release\vc110.pdb" /Gd /TP /analyze- /errorReport:prompt ..\..\..\test\test_tbitfield.cpp ..\..\..\test\test_tset.cpp
         test_tbitfield.cpp
     1>C:\Users\sarynin.s\Desktop\лабораторная 1\job\mp2-lab1-set-master\gtest\gtest.h(51): warning C4005: '_VARIADIC_MAX' : macro redefinition
                 C:\Program Files (x86)\Microsoft Visual Studio 11.0\VC\include\xstddef(397) : see previous definition of '_VARIADIC_MAX'
     1>C:\Users\sarynin.s\Desktop\лабораторная 1\job\mp2-lab1-set-master\gtest\gtest.h(9743): error C2977: 'std::tuple' : too many template arguments
                 C:\Program Files (x86)\Microsoft Visual Studio 11.0\VC\include\utility(73) : see declaration of 'std::tuple'
     1>C:\Users\sarynin.s\Desktop\лабораторная 1\job\mp2-lab1-set-master\gtest\gtest.h(9751): error C2977: 'std::tuple' : too many template arguments
                 C:\Program Files (x86)\Microsoft Visual Studio 11.0\VC\include\utility(73) : see declaration of 'std::tuple'
     1>C:\Users\sarynin.s\Desktop\лабораторная 1\job\mp2-lab1-set-master\gtest\gtest.h(14956): error C2977: 'std::tuple' : too many template arguments
                 C:\Program Files (x86)\Microsoft Visual Studio 11.0\VC\include\utility(73) : see declaration of 'std::tuple'
                 C:\Users\sarynin.s\Desktop\лабораторная 1\job\mp2-lab1-set-master\gtest\gtest.h(15188) : see reference to class template instantiation 'testing::internal::CartesianProductGenerator9<T1,T2,T3,T4,T5,T6,T7,T8,T9>' being compiled
     1>C:\Users\sarynin.s\Desktop\лабораторная 1\job\mp2-lab1-set-master\gtest\gtest.h(14956): error C3203: 'tuple' : unspecialized class template can't be used as a template argument for template parameter 'T', expected a real type
     1>C:\Users\sarynin.s\Desktop\лабораторная 1\job\mp2-lab1-set-master\gtest\gtest.h(14956): error C2955: 'std::tuple' : use of class template requires template argument list
                 C:\Program Files (x86)\Microsoft Visual Studio 11.0\VC\include\utility(73) : see declaration of 'std::tuple'
     1>C:\Users\sarynin.s\Desktop\лабораторная 1\job\mp2-lab1-set-master\gtest\gtest.h(14956): error C2955: 'testing::internal::ParamGeneratorInterface' : use of class template requires template argument list
                 C:\Users\sarynin.s\Desktop\лабораторная 1\job\mp2-lab1-set-master\gtest\gtest.h(10143) : see declaration of 'testing::internal::ParamGeneratorInterface'
     1>C:\Users\sarynin.s\Desktop\лабораторная 1\job\mp2-lab1-set-master\gtest\gtest.h(14958): error C2977: 'std::tuple' : too many template arguments
                 C:\Program Files (x86)\Microsoft Visual Studio 11.0\VC\include\utility(73) : see declaration of 'std::tuple'
     1>C:\Users\sarynin.s\Desktop\лабораторная 1\job\mp2-lab1-set-master\gtest\gtest.h(14969): error C3203: 'tuple' : unspecialized class template can't be used as a template argument for template parameter 'T', expected a real type
     1>C:\Users\sarynin.s\Desktop\лабораторная 1\job\mp2-lab1-set-master\gtest\gtest.h(14969): error C2955: 'std::tuple' : use of class template requires template argument list
                 C:\Program Files (x86)\Microsoft Visual Studio 11.0\VC\include\utility(73) : see declaration of 'std::tuple'
     1>C:\Users\sarynin.s\Desktop\лабораторная 1\job\mp2-lab1-set-master\gtest\gtest.h(14974): error C3203: 'tuple' : unspecialized class template can't be used as a template argument for template parameter 'T', expected a real type
     1>C:\Users\sarynin.s\Desktop\лабораторная 1\job\mp2-lab1-set-master\gtest\gtest.h(14974): error C2955: 'std::tuple' : use of class template requires template argument list
                 C:\Program Files (x86)\Microsoft Visual Studio 11.0\VC\include\utility(73) : see declaration of 'std::tuple'
     1>C:\Users\sarynin.s\Desktop\лабораторная 1\job\mp2-lab1-set-master\gtest\gtest.h(14981): error C3203: 'tuple' : unspecialized class template can't be used as a template argument for template parameter 'T', expected a real type
                 C:\Users\sarynin.s\Desktop\лабораторная 1\job\mp2-lab1-set-master\gtest\gtest.h(14981) : see reference to class template instantiation 'testing::internal::CartesianProductGenerator9<T1,T2,T3,T4,T5,T6,T7,T8,T9>::Iterator' being compiled
     1>C:\Users\sarynin.s\Desktop\лабораторная 1\job\mp2-lab1-set-master\gtest\gtest.h(14981): error C2955: 'std::tuple' : use of class template requires template argument list
                 C:\Program Files (x86)\Microsoft Visual Studio 11.0\VC\include\utility(73) : see declaration of 'std::tuple'
     1>C:\Users\sarynin.s\Desktop\лабораторная 1\job\mp2-lab1-set-master\gtest\gtest.h(14981): error C2955: 'testing::internal::ParamIteratorInterface' : use of class template requires template argument list
                 C:\Users\sarynin.s\Desktop\лабораторная 1\job\mp2-lab1-set-master\gtest\gtest.h(10070) : see declaration of 'testing::internal::ParamIteratorInterface'
     1>C:\Users\sarynin.s\Desktop\лабораторная 1\job\mp2-lab1-set-master\gtest\gtest.h(14983): error C3203: 'tuple' : unspecialized class template can't be used as a template argument for template parameter 'T', expected a real type
     1>C:\Users\sarynin.s\Desktop\лабораторная 1\job\mp2-lab1-set-master\gtest\gtest.h(14983): error C2955: 'std::tuple' : use of class template requires template argument list
                 C:\Program Files (x86)\Microsoft Visual Studio 11.0\VC\include\utility(73) : see declaration of 'std::tuple'
                 C:\Program Files (x86)\Microsoft Visual Studio 11.0\VC\include\utility(73) : see declaration of 'std::tuple'
     1>C:\Users\sarynin.s\Desktop\лабораторная 1\job\mp2-lab1-set-master\gtest\gtest.h(15016): error C3203: 'tuple' : unspecialized class template can't be used as a template argument for template parameter 'T', expected a real type
     1>C:\Users\sarynin.s\Desktop\лабораторная 1\job\mp2-lab1-set-master\gtest\gtest.h(15016): error C2955: 'std::tuple' : use of class template requires template argument list
                 C:\Program Files (x86)\Microsoft Visual Studio 11.0\VC\include\utility(73) : see declaration of 'std::tuple'
     1>C:\Users\sarynin.s\Desktop\лабораторная 1\job\mp2-lab1-set-master\gtest\gtest.h(15058): error C3203: 'tuple' : unspecialized class template can't be used as a template argument for template parameter 'T', expected a real type
     1>C:\Users\sarynin.s\Desktop\лабораторная 1\job\mp2-lab1-set-master\gtest\gtest.h(15058): error C2955: 'std::tuple' : use of class template requires template argument list
                 C:\Program Files (x86)\Microsoft Visual Studio 11.0\VC\include\utility(73) : see declaration of 'std::tuple'
     1>C:\Users\sarynin.s\Desktop\лабораторная 1\job\mp2-lab1-set-master\gtest\gtest.h(15062): error C3203: 'tuple' : unspecialized class template can't be used as a template argument for template parameter 'T', expected a real type
     1>C:\Users\sarynin.s\Desktop\лабораторная 1\job\mp2-lab1-set-master\gtest\gtest.h(15062): error C2955: 'std::tuple' : use of class template requires template argument list
                 C:\Program Files (x86)\Microsoft Visual Studio 11.0\VC\include\utility(73) : see declaration of 'std::tuple'
     1>C:\Users\sarynin.s\Desktop\лабораторная 1\job\mp2-lab1-set-master\gtest\gtest.h(15143): error C3203: 'tuple' : unspecialized class template can't be used as a template argument for template parameter 'T', expected a real type
     1>C:\Users\sarynin.s\Desktop\лабораторная 1\job\mp2-lab1-set-master\gtest\gtest.h(15143): error C2955: 'std::tuple' : use of class template requires template argument list
                 C:\Program Files (x86)\Microsoft Visual Studio 11.0\VC\include\utility(73) : see declaration of 'std::tuple'
     1>C:\Users\sarynin.s\Desktop\лабораторная 1\job\mp2-lab1-set-master\gtest\gtest.h(15195): error C2977: 'std::tuple' : too many template arguments
                 C:\Program Files (x86)\Microsoft Visual Studio 11.0\VC\include\utility(73) : see declaration of 'std::tuple'
                 C:\Users\sarynin.s\Desktop\лабораторная 1\job\mp2-lab1-set-master\gtest\gtest.h(15444) : see reference to class template instantiation 'testing::internal::CartesianProductGenerator10<T1,T2,T3,T4,T5,T6,T7,T8,T9,T10>' being compiled
     1>C:\Users\sarynin.s\Desktop\лабораторная 1\job\mp2-lab1-set-master\gtest\gtest.h(15195): error C3203: 'tuple' : unspecialized class template can't be used as a template argument for template parameter 'T', expected a real type
     1>C:\Users\sarynin.s\Desktop\лабораторная 1\job\mp2-lab1-set-master\gtest\gtest.h(15195): error C2955: 'std::tuple' : use of class template requires template argument list
                 C:\Program Files (x86)\Microsoft Visual Studio 11.0\VC\include\utility(73) : see declaration of 'std::tuple'
     1>C:\Users\sarynin.s\Desktop\лабораторная 1\job\mp2-lab1-set-master\gtest\gtest.h(15195): error C2955: 'testing::internal::ParamGeneratorInterface' : use of class template requires template argument list
                 C:\Users\sarynin.s\Desktop\лабораторная 1\job\mp2-lab1-set-master\gtest\gtest.h(10143) : see declaration of 'testing::internal::ParamGeneratorInterface'
     1>C:\Users\sarynin.s\Desktop\лабораторная 1\job\mp2-lab1-set-master\gtest\gtest.h(15197): error C2977: 'std::tuple' : too many template arguments
                 C:\Program Files (x86)\Microsoft Visual Studio 11.0\VC\include\utility(73) : see declaration of 'std::tuple'
     1>C:\Users\sarynin.s\Desktop\лабораторная 1\job\mp2-lab1-set-master\gtest\gtest.h(15209): error C3203: 'tuple' : unspecialized class template can't be used as a template argument for template parameter 'T', expected a real type
     1>C:\Users\sarynin.s\Desktop\лабораторная 1\job\mp2-lab1-set-master\gtest\gtest.h(15209): error C2955: 'std::tuple' : use of class template requires template argument list
                 C:\Program Files (x86)\Microsoft Visual Studio 11.0\VC\include\utility(73) : see declaration of 'std::tuple'
     1>C:\Users\sarynin.s\Desktop\лабораторная 1\job\mp2-lab1-set-master\gtest\gtest.h(15214): error C3203: 'tuple' : unspecialized class template can't be used as a template argument for template parameter 'T', expected a real type
     1>C:\Users\sarynin.s\Desktop\лабораторная 1\job\mp2-lab1-set-master\gtest\gtest.h(15214): error C2955: 'std::tuple' : use of class template requires template argument list
                 C:\Program Files (x86)\Microsoft Visual Studio 11.0\VC\include\utility(73) : see declaration of 'std::tuple'
     1>C:\Users\sarynin.s\Desktop\лабораторная 1\job\mp2-lab1-set-master\gtest\gtest.h(15221): error C3203: 'tuple' : unspecialized class template can't be used as a template argument for template parameter 'T', expected a real type
                 C:\Users\sarynin.s\Desktop\лабораторная 1\job\mp2-lab1-set-master\gtest\gtest.h(15221) : see reference to class template instantiation 'testing::internal::CartesianProductGenerator10<T1,T2,T3,T4,T5,T6,T7,T8,T9,T10>::Iterator' being compiled
     1>C:\Users\sarynin.s\Desktop\лабораторная 1\job\mp2-lab1-set-master\gtest\gtest.h(15221): error C2955: 'std::tuple' : use of class template requires template argument list
                 C:\Program Files (x86)\Microsoft Visual Studio 11.0\VC\include\utility(73) : see declaration of 'std::tuple'
     1>C:\Users\sarynin.s\Desktop\лабораторная 1\job\mp2-lab1-set-master\gtest\gtest.h(15221): error C2955: 'testing::internal::ParamIteratorInterface' : use of class template requires template argument list
                 C:\Users\sarynin.s\Desktop\лабораторная 1\job\mp2-lab1-set-master\gtest\gtest.h(10070) : see declaration of 'testing::internal::ParamIteratorInterface'
     1>C:\Users\sarynin.s\Desktop\лабораторная 1\job\mp2-lab1-set-master\gtest\gtest.h(15223): error C3203: 'tuple' : unspecialized class template can't be used as a template argument for template parameter 'T', expected a real type
     1>C:\Users\sarynin.s\Desktop\лабораторная 1\job\mp2-lab1-set-master\gtest\gtest.h(15223): error C2955: 'std::tuple' : use of class template requires template argument list
                 C:\Program Files (x86)\Microsoft Visual Studio 11.0\VC\include\utility(73) : see declaration of 'std::tuple'
                 C:\Program Files (x86)\Microsoft Visual Studio 11.0\VC\include\utility(73) : see declaration of 'std::tuple'
     1>C:\Users\sarynin.s\Desktop\лабораторная 1\job\mp2-lab1-set-master\gtest\gtest.h(15259): error C3203: 'tuple' : unspecialized class template can't be used as a template argument for template parameter 'T', expected a real type
     1>C:\Users\sarynin.s\Desktop\лабораторная 1\job\mp2-lab1-set-master\gtest\gtest.h(15259): error C2955: 'std::tuple' : use of class template requires template argument list
                 C:\Program Files (x86)\Microsoft Visual Studio 11.0\VC\include\utility(73) : see declaration of 'std::tuple'
     1>C:\Users\sarynin.s\Desktop\лабораторная 1\job\mp2-lab1-set-master\gtest\gtest.h(15305): error C3203: 'tuple' : unspecialized class template can't be used as a template argument for template parameter 'T', expected a real type
     1>C:\Users\sarynin.s\Desktop\лабораторная 1\job\mp2-lab1-set-master\gtest\gtest.h(15305): error C2955: 'std::tuple' : use of class template requires template argument list
                 C:\Program Files (x86)\Microsoft Visual Studio 11.0\VC\include\utility(73) : see declaration of 'std::tuple'
     1>C:\Users\sarynin.s\Desktop\лабораторная 1\job\mp2-lab1-set-master\gtest\gtest.h(15309): error C3203: 'tuple' : unspecialized class template can't be used as a template argument for template parameter 'T', expected a real type
     1>C:\Users\sarynin.s\Desktop\лабораторная 1\job\mp2-lab1-set-master\gtest\gtest.h(15309): error C2955: 'std::tuple' : use of class template requires template argument list
                 C:\Program Files (x86)\Microsoft Visual Studio 11.0\VC\include\utility(73) : see declaration of 'std::tuple'
     1>C:\Users\sarynin.s\Desktop\лабораторная 1\job\mp2-lab1-set-master\gtest\gtest.h(15395): error C3203: 'tuple' : unspecialized class template can't be used as a template argument for template parameter 'T', expected a real type
     1>C:\Users\sarynin.s\Desktop\лабораторная 1\job\mp2-lab1-set-master\gtest\gtest.h(15395): error C2955: 'std::tuple' : use of class template requires template argument list
                 C:\Program Files (x86)\Microsoft Visual Studio 11.0\VC\include\utility(73) : see declaration of 'std::tuple'
     1>C:\Users\sarynin.s\Desktop\лабораторная 1\job\mp2-lab1-set-master\gtest\gtest.h(15677): error C2977: 'std::tuple' : too many template arguments
                 C:\Program Files (x86)\Microsoft Visual Studio 11.0\VC\include\utility(73) : see declaration of 'std::tuple'
                 C:\Users\sarynin.s\Desktop\лабораторная 1\job\mp2-lab1-set-master\gtest\gtest.h(15705) : see reference to class template instantiation 'testing::internal::CartesianProductHolder9<Generator1,Generator2,Generator3,Generator4,Generator5,Generator6,Generator7,Generator8,Generator9>' being compiled
     1>C:\Users\sarynin.s\Desktop\лабораторная 1\job\mp2-lab1-set-master\gtest\gtest.h(15677): error C3203: 'tuple' : unspecialized class template can't be used as a template argument for template parameter 'T', expected a real type
     1>C:\Users\sarynin.s\Desktop\лабораторная 1\job\mp2-lab1-set-master\gtest\gtest.h(15677): error C2955: 'std::tuple' : use of class template requires template argument list
                 C:\Program Files (x86)\Microsoft Visual Studio 11.0\VC\include\utility(73) : see declaration of 'std::tuple'
     1>C:\Users\sarynin.s\Desktop\лабораторная 1\job\mp2-lab1-set-master\gtest\gtest.h(15721): error C2977: 'std::tuple' : too many template arguments
                 C:\Program Files (x86)\Microsoft Visual Studio 11.0\VC\include\utility(73) : see declaration of 'std::tuple'
                 C:\Users\sarynin.s\Desktop\лабораторная 1\job\mp2-lab1-set-master\gtest\gtest.h(15752) : see reference to class template instantiation 'testing::internal::CartesianProductHolder10<Generator1,Generator2,Generator3,Generator4,Generator5,Generator6,Generator7,Generator8,Generator9,Generator10>' being compiled
     1>C:\Users\sarynin.s\Desktop\лабораторная 1\job\mp2-lab1-set-master\gtest\gtest.h(15721): error C3203: 'tuple' : unspecialized class template can't be used as a template argument for template parameter 'T', expected a real type
     1>C:\Users\sarynin.s\Desktop\лабораторная 1\job\mp2-lab1-set-master\gtest\gtest.h(15721): error C2955: 'std::tuple' : use of class template requires template argument list
                 C:\Program Files (x86)\Microsoft Visual Studio 11.0\VC\include\utility(73) : see declaration of 'std::tuple'
         test_tset.cpp
     1>C:\Users\sarynin.s\Desktop\лабораторная 1\job\mp2-lab1-set-master\gtest\gtest.h(51): warning C4005: '_VARIADIC_MAX' : macro redefinition
                 C:\Program Files (x86)\Microsoft Visual Studio 11.0\VC\include\xstddef(397) : see previous definition of '_VARIADIC_MAX'
     1>C:\Users\sarynin.s\Desktop\лабораторная 1\job\mp2-lab1-set-master\gtest\gtest.h(9743): error C2977: 'std::tuple' : too many template arguments
                 C:\Program Files (x86)\Microsoft Visual Studio 11.0\VC\include\utility(73) : see declaration of 'std::tuple'
     1>C:\Users\sarynin.s\Desktop\лабораторная 1\job\mp2-lab1-set-master\gtest\gtest.h(9751): error C2977: 'std::tuple' : too many template arguments
                 C:\Program Files (x86)\Microsoft Visual Studio 11.0\VC\include\utility(73) : see declaration of 'std::tuple'
     1>C:\Users\sarynin.s\Desktop\лабораторная 1\job\mp2-lab1-set-master\gtest\gtest.h(14956): error C2977: 'std::tuple' : too many template arguments
                 C:\Program Files (x86)\Microsoft Visual Studio 11.0\VC\include\utility(73) : see declaration of 'std::tuple'
                 C:\Users\sarynin.s\Desktop\лабораторная 1\job\mp2-lab1-set-master\gtest\gtest.h(15188) : see reference to class template instantiation 'testing::internal::CartesianProductGenerator9<T1,T2,T3,T4,T5,T6,T7,T8,T9>' being compiled
     1>C:\Users\sarynin.s\Desktop\лабораторная 1\job\mp2-lab1-set-master\gtest\gtest.h(14956): error C3203: 'tuple' : unspecialized class template can't be used as a template argument for template parameter 'T', expected a real type
     1>C:\Users\sarynin.s\Desktop\лабораторная 1\job\mp2-lab1-set-master\gtest\gtest.h(14956): error C2955: 'std::tuple' : use of class template requires template argument list
                 C:\Program Files (x86)\Microsoft Visual Studio 11.0\VC\include\utility(73) : see declaration of 'std::tuple'
     1>C:\Users\sarynin.s\Desktop\лабораторная 1\job\mp2-lab1-set-master\gtest\gtest.h(14956): error C2955: 'testing::internal::ParamGeneratorInterface' : use of class template requires template argument list
                 C:\Users\sarynin.s\Desktop\лабораторная 1\job\mp2-lab1-set-master\gtest\gtest.h(10143) : see declaration of 'testing::internal::ParamGeneratorInterface'
     1>C:\Users\sarynin.s\Desktop\лабораторная 1\job\mp2-lab1-set-master\gtest\gtest.h(14958): error C2977: 'std::tuple' : too many template arguments
                 C:\Program Files (x86)\Microsoft Visual Studio 11.0\VC\include\utility(73) : see declaration of 'std::tuple'
     1>C:\Users\sarynin.s\Desktop\лабораторная 1\job\mp2-lab1-set-master\gtest\gtest.h(14969): error C3203: 'tuple' : unspecialized class template can't be used as a template argument for template parameter 'T', expected a real type
     1>C:\Users\sarynin.s\Desktop\лабораторная 1\job\mp2-lab1-set-master\gtest\gtest.h(14969): error C2955: 'std::tuple' : use of class template requires template argument list
                 C:\Program Files (x86)\Microsoft Visual Studio 11.0\VC\include\utility(73) : see declaration of 'std::tuple'
     1>C:\Users\sarynin.s\Desktop\лабораторная 1\job\mp2-lab1-set-master\gtest\gtest.h(14974): error C3203: 'tuple' : unspecialized class template can't be used as a template argument for template parameter 'T', expected a real type
     1>C:\Users\sarynin.s\Desktop\лабораторная 1\job\mp2-lab1-set-master\gtest\gtest.h(14974): error C2955: 'std::tuple' : use of class template requires template argument list
                 C:\Program Files (x86)\Microsoft Visual Studio 11.0\VC\include\utility(73) : see declaration of 'std::tuple'
     1>C:\Users\sarynin.s\Desktop\лабораторная 1\job\mp2-lab1-set-master\gtest\gtest.h(14981): error C3203: 'tuple' : unspecialized class template can't be used as a template argument for template parameter 'T', expected a real type
                 C:\Users\sarynin.s\Desktop\лабораторная 1\job\mp2-lab1-set-master\gtest\gtest.h(14981) : see reference to class template instantiation 'testing::internal::CartesianProductGenerator9<T1,T2,T3,T4,T5,T6,T7,T8,T9>::Iterator' being compiled
     1>C:\Users\sarynin.s\Desktop\лабораторная 1\job\mp2-lab1-set-master\gtest\gtest.h(14981): error C2955: 'std::tuple' : use of class template requires template argument list
                 C:\Program Files (x86)\Microsoft Visual Studio 11.0\VC\include\utility(73) : see declaration of 'std::tuple'
     1>C:\Users\sarynin.s\Desktop\лабораторная 1\job\mp2-lab1-set-master\gtest\gtest.h(14981): error C2955: 'testing::internal::ParamIteratorInterface' : use of class template requires template argument list
                 C:\Users\sarynin.s\Desktop\лабораторная 1\job\mp2-lab1-set-master\gtest\gtest.h(10070) : see declaration of 'testing::internal::ParamIteratorInterface'
     1>C:\Users\sarynin.s\Desktop\лабораторная 1\job\mp2-lab1-set-master\gtest\gtest.h(14983): error C3203: 'tuple' : unspecialized class template can't be used as a template argument for template parameter 'T', expected a real type
     1>C:\Users\sarynin.s\Desktop\лабораторная 1\job\mp2-lab1-set-master\gtest\gtest.h(14983): error C2955: 'std::tuple' : use of class template requires template argument list
                 C:\Program Files (x86)\Microsoft Visual Studio 11.0\VC\include\utility(73) : see declaration of 'std::tuple'
                 C:\Program Files (x86)\Microsoft Visual Studio 11.0\VC\include\utility(73) : see declaration of 'std::tuple'
     1>C:\Users\sarynin.s\Desktop\лабораторная 1\job\mp2-lab1-set-master\gtest\gtest.h(15016): error C3203: 'tuple' : unspecialized class template can't be used as a template argument for template parameter 'T', expected a real type
     1>C:\Users\sarynin.s\Desktop\лабораторная 1\job\mp2-lab1-set-master\gtest\gtest.h(15016): error C2955: 'std::tuple' : use of class template requires template argument list
                 C:\Program Files (x86)\Microsoft Visual Studio 11.0\VC\include\utility(73) : see declaration of 'std::tuple'
     1>C:\Users\sarynin.s\Desktop\лабораторная 1\job\mp2-lab1-set-master\gtest\gtest.h(15058): error C3203: 'tuple' : unspecialized class template can't be used as a template argument for template parameter 'T', expected a real type
     1>C:\Users\sarynin.s\Desktop\лабораторная 1\job\mp2-lab1-set-master\gtest\gtest.h(15058): error C2955: 'std::tuple' : use of class template requires template argument list
                 C:\Program Files (x86)\Microsoft Visual Studio 11.0\VC\include\utility(73) : see declaration of 'std::tuple'
     1>C:\Users\sarynin.s\Desktop\лабораторная 1\job\mp2-lab1-set-master\gtest\gtest.h(15062): error C3203: 'tuple' : unspecialized class template can't be used as a template argument for template parameter 'T', expected a real type
     1>C:\Users\sarynin.s\Desktop\лабораторная 1\job\mp2-lab1-set-master\gtest\gtest.h(15062): error C2955: 'std::tuple' : use of class template requires template argument list
                 C:\Program Files (x86)\Microsoft Visual Studio 11.0\VC\include\utility(73) : see declaration of 'std::tuple'
     1>C:\Users\sarynin.s\Desktop\лабораторная 1\job\mp2-lab1-set-master\gtest\gtest.h(15143): error C3203: 'tuple' : unspecialized class template can't be used as a template argument for template parameter 'T', expected a real type
     1>C:\Users\sarynin.s\Desktop\лабораторная 1\job\mp2-lab1-set-master\gtest\gtest.h(15143): error C2955: 'std::tuple' : use of class template requires template argument list
                 C:\Program Files (x86)\Microsoft Visual Studio 11.0\VC\include\utility(73) : see declaration of 'std::tuple'
     1>C:\Users\sarynin.s\Desktop\лабораторная 1\job\mp2-lab1-set-master\gtest\gtest.h(15195): error C2977: 'std::tuple' : too many template arguments
                 C:\Program Files (x86)\Microsoft Visual Studio 11.0\VC\include\utility(73) : see declaration of 'std::tuple'
                 C:\Users\sarynin.s\Desktop\лабораторная 1\job\mp2-lab1-set-master\gtest\gtest.h(15444) : see reference to class template instantiation 'testing::internal::CartesianProductGenerator10<T1,T2,T3,T4,T5,T6,T7,T8,T9,T10>' being compiled
     1>C:\Users\sarynin.s\Desktop\лабораторная 1\job\mp2-lab1-set-master\gtest\gtest.h(15195): error C3203: 'tuple' : unspecialized class template can't be used as a template argument for template parameter 'T', expected a real type
     1>C:\Users\sarynin.s\Desktop\лабораторная 1\job\mp2-lab1-set-master\gtest\gtest.h(15195): error C2955: 'std::tuple' : use of class template requires template argument list
                 C:\Program Files (x86)\Microsoft Visual Studio 11.0\VC\include\utility(73) : see declaration of 'std::tuple'
     1>C:\Users\sarynin.s\Desktop\лабораторная 1\job\mp2-lab1-set-master\gtest\gtest.h(15195): error C2955: 'testing::internal::ParamGeneratorInterface' : use of class template requires template argument list
                 C:\Users\sarynin.s\Desktop\лабораторная 1\job\mp2-lab1-set-master\gtest\gtest.h(10143) : see declaration of 'testing::internal::ParamGeneratorInterface'
     1>C:\Users\sarynin.s\Desktop\лабораторная 1\job\mp2-lab1-set-master\gtest\gtest.h(15197): error C2977: 'std::tuple' : too many template arguments
                 C:\Program Files (x86)\Microsoft Visual Studio 11.0\VC\include\utility(73) : see declaration of 'std::tuple'
     1>C:\Users\sarynin.s\Desktop\лабораторная 1\job\mp2-lab1-set-master\gtest\gtest.h(15209): error C3203: 'tuple' : unspecialized class template can't be used as a template argument for template parameter 'T', expected a real type
     1>C:\Users\sarynin.s\Desktop\лабораторная 1\job\mp2-lab1-set-master\gtest\gtest.h(15209): error C2955: 'std::tuple' : use of class template requires template argument list
                 C:\Program Files (x86)\Microsoft Visual Studio 11.0\VC\include\utility(73) : see declaration of 'std::tuple'
     1>C:\Users\sarynin.s\Desktop\лабораторная 1\job\mp2-lab1-set-master\gtest\gtest.h(15214): error C3203: 'tuple' : unspecialized class template can't be used as a template argument for template parameter 'T', expected a real type
     1>C:\Users\sarynin.s\Desktop\лабораторная 1\job\mp2-lab1-set-master\gtest\gtest.h(15214): error C2955: 'std::tuple' : use of class template requires template argument list
                 C:\Program Files (x86)\Microsoft Visual Studio 11.0\VC\include\utility(73) : see declaration of 'std::tuple'
     1>C:\Users\sarynin.s\Desktop\лабораторная 1\job\mp2-lab1-set-master\gtest\gtest.h(15221): error C3203: 'tuple' : unspecialized class template can't be used as a template argument for template parameter 'T', expected a real type
                 C:\Users\sarynin.s\Desktop\лабораторная 1\job\mp2-lab1-set-master\gtest\gtest.h(15221) : see reference to class template instantiation 'testing::internal::CartesianProductGenerator10<T1,T2,T3,T4,T5,T6,T7,T8,T9,T10>::Iterator' being compiled
     1>C:\Users\sarynin.s\Desktop\лабораторная 1\job\mp2-lab1-set-master\gtest\gtest.h(15221): error C2955: 'std::tuple' : use of class template requires template argument list
                 C:\Program Files (x86)\Microsoft Visual Studio 11.0\VC\include\utility(73) : see declaration of 'std::tuple'
     1>C:\Users\sarynin.s\Desktop\лабораторная 1\job\mp2-lab1-set-master\gtest\gtest.h(15221): error C2955: 'testing::internal::ParamIteratorInterface' : use of class template requires template argument list
                 C:\Users\sarynin.s\Desktop\лабораторная 1\job\mp2-lab1-set-master\gtest\gtest.h(10070) : see declaration of 'testing::internal::ParamIteratorInterface'
     1>C:\Users\sarynin.s\Desktop\лабораторная 1\job\mp2-lab1-set-master\gtest\gtest.h(15223): error C3203: 'tuple' : unspecialized class template can't be used as a template argument for template parameter 'T', expected a real type
     1>C:\Users\sarynin.s\Desktop\лабораторная 1\job\mp2-lab1-set-master\gtest\gtest.h(15223): error C2955: 'std::tuple' : use of class template requires template argument list
                 C:\Program Files (x86)\Microsoft Visual Studio 11.0\VC\include\utility(73) : see declaration of 'std::tuple'
                 C:\Program Files (x86)\Microsoft Visual Studio 11.0\VC\include\utility(73) : see declaration of 'std::tuple'
     1>C:\Users\sarynin.s\Desktop\лабораторная 1\job\mp2-lab1-set-master\gtest\gtest.h(15259): error C3203: 'tuple' : unspecialized class template can't be used as a template argument for template parameter 'T', expected a real type
     1>C:\Users\sarynin.s\Desktop\лабораторная 1\job\mp2-lab1-set-master\gtest\gtest.h(15259): error C2955: 'std::tuple' : use of class template requires template argument list
                 C:\Program Files (x86)\Microsoft Visual Studio 11.0\VC\include\utility(73) : see declaration of 'std::tuple'
     1>C:\Users\sarynin.s\Desktop\лабораторная 1\job\mp2-lab1-set-master\gtest\gtest.h(15305): error C3203: 'tuple' : unspecialized class template can't be used as a template argument for template parameter 'T', expected a real type
     1>C:\Users\sarynin.s\Desktop\лабораторная 1\job\mp2-lab1-set-master\gtest\gtest.h(15305): error C2955: 'std::tuple' : use of class template requires template argument list
                 C:\Program Files (x86)\Microsoft Visual Studio 11.0\VC\include\utility(73) : see declaration of 'std::tuple'
     1>C:\Users\sarynin.s\Desktop\лабораторная 1\job\mp2-lab1-set-master\gtest\gtest.h(15309): error C3203: 'tuple' : unspecialized class template can't be used as a template argument for template parameter 'T', expected a real type
     1>C:\Users\sarynin.s\Desktop\лабораторная 1\job\mp2-lab1-set-master\gtest\gtest.h(15309): error C2955: 'std::tuple' : use of class template requires template argument list
                 C:\Program Files (x86)\Microsoft Visual Studio 11.0\VC\include\utility(73) : see declaration of 'std::tuple'
     1>C:\Users\sarynin.s\Desktop\лабораторная 1\job\mp2-lab1-set-master\gtest\gtest.h(15395): error C3203: 'tuple' : unspecialized class template can't be used as a template argument for template parameter 'T', expected a real type
     1>C:\Users\sarynin.s\Desktop\лабораторная 1\job\mp2-lab1-set-master\gtest\gtest.h(15395): error C2955: 'std::tuple' : use of class template requires template argument list
                 C:\Program Files (x86)\Microsoft Visual Studio 11.0\VC\include\utility(73) : see declaration of 'std::tuple'
     1>C:\Users\sarynin.s\Desktop\лабораторная 1\job\mp2-lab1-set-master\gtest\gtest.h(15677): error C2977: 'std::tuple' : too many template arguments
                 C:\Program Files (x86)\Microsoft Visual Studio 11.0\VC\include\utility(73) : see declaration of 'std::tuple'
                 C:\Users\sarynin.s\Desktop\лабораторная 1\job\mp2-lab1-set-master\gtest\gtest.h(15705) : see reference to class template instantiation 'testing::internal::CartesianProductHolder9<Generator1,Generator2,Generator3,Generator4,Generator5,Generator6,Generator7,Generator8,Generator9>' being compiled
     1>C:\Users\sarynin.s\Desktop\лабораторная 1\job\mp2-lab1-set-master\gtest\gtest.h(15677): error C3203: 'tuple' : unspecialized class template can't be used as a template argument for template parameter 'T', expected a real type
     1>C:\Users\sarynin.s\Desktop\лабораторная 1\job\mp2-lab1-set-master\gtest\gtest.h(15677): error C2955: 'std::tuple' : use of class template requires template argument list
                 C:\Program Files (x86)\Microsoft Visual Studio 11.0\VC\include\utility(73) : see declaration of 'std::tuple'
     1>C:\Users\sarynin.s\Desktop\лабораторная 1\job\mp2-lab1-set-master\gtest\gtest.h(15721): error C2977: 'std::tuple' : too many template arguments
                 C:\Program Files (x86)\Microsoft Visual Studio 11.0\VC\include\utility(73) : see declaration of 'std::tuple'
                 C:\Users\sarynin.s\Desktop\лабораторная 1\job\mp2-lab1-set-master\gtest\gtest.h(15752) : see reference to class template instantiation 'testing::internal::CartesianProductHolder10<Generator1,Generator2,Generator3,Generator4,Generator5,Generator6,Generator7,Generator8,Generator9,Generator10>' being compiled
     1>C:\Users\sarynin.s\Desktop\лабораторная 1\job\mp2-lab1-set-master\gtest\gtest.h(15721): error C3203: 'tuple' : unspecialized class template can't be used as a template argument for template parameter 'T', expected a real type
     1>C:\Users\sarynin.s\Desktop\лабораторная 1\job\mp2-lab1-set-master\gtest\gtest.h(15721): error C2955: 'std::tuple' : use of class template requires template argument list
                 C:\Program Files (x86)\Microsoft Visual Studio 11.0\VC\include\utility(73) : see declaration of 'std::tuple'
     1>Done Building Project "C:\Users\sarynin.s\Desktop\лабораторная 1\job\mp2-lab1-set-master\sln\vc10\test_bitfield\test_bitfield.vcxproj" (Build target(s)) -- FAILED.

Build FAILED.

Time Elapsed 00:00:01.24
